<?xml version="1.0" encoding="UTF-8"?>
<!-- Generated by org.testng.reporters.JUnitXMLReporter -->
<testsuite hostname="NILESH-PC" ignored="0" name="Avactis Login Page Test" tests="2" failures="0" timestamp="07 Feb 2019 09:26:28 GMT" time="19.914" errors="0">
  <testcase name="verifyUserAlreadyMsg" time="5.429" classname="com.avactis.usertest.RegistrationTest"/>
  <testcase name="verifyValidation_Message" time="3.932" classname="com.avactis.usertest.RegistrationTest"/>
</testsuite> <!-- Avactis Login Page Test -->
