<?xml version="1.0" encoding="UTF-8"?>
<!-- Generated by org.testng.reporters.JUnitXMLReporter -->
<testsuite hostname="NILESH-PC" ignored="0" name="Avactis Admin Page Test" tests="1" failures="1" timestamp="11 Feb 2019 12:45:44 GMT" time="42.141" errors="0">
  <testcase name="verifyValidLogin" time="33.411" classname="com.avactis.usertest.SearchResult">
    <failure type="java.lang.AssertionError" message="expected [true] but found [false]">
      <![CDATA[java.lang.AssertionError: expected [true] but found [false]
at com.avactis.usertest.SearchResult.verifyValidLogin(SearchResult.java:30)
... Removed 29 stack frames]]>
    </failure>
  </testcase> <!-- verifyValidLogin -->
</testsuite> <!-- Avactis Admin Page Test -->
