<?xml version="1.0" encoding="UTF-8"?>
<!-- Generated by org.testng.reporters.JUnitXMLReporter -->
<testsuite hostname="NILESH-PC" ignored="0" name="Avactis Login Page Test" tests="4" failures="1" timestamp="04 Feb 2019 10:35:55 GMT" time="28.522" errors="0">
  <testcase name="verifyInvalidLogin" time="4.826" classname="com.UserTest.LoginTest"/>
  <testcase name="verifyPassword_Feild_Masking" time="2.237" classname="com.UserTest.LoginTest"/>
  <testcase name="verifyUserLoggedIn" time="7.167" classname="com.UserTest.LoginTest"/>
  <testcase name="verifyValidLogin" time="4.352" classname="com.UserTest.LoginTest">
    <failure type="java.lang.AssertionError" message="expected [true] but found [false]">
      <![CDATA[java.lang.AssertionError: expected [true] but found [false]
at com.UserTest.LoginTest.verifyValidLogin(LoginTest.java:37)
... Removed 29 stack frames]]>
    </failure>
  </testcase> <!-- verifyValidLogin -->
</testsuite> <!-- Avactis Login Page Test -->
