<?xml version="1.0" encoding="UTF-8"?>
<!-- Generated by org.testng.reporters.JUnitXMLReporter -->
<testsuite hostname="NILESH-PC" ignored="0" name="HMS Login Page Test" tests="4" failures="1" timestamp="01 Feb 2019 13:28:16 GMT" time="25.668" errors="0">
  <testcase name="verifyInvalidLogin" time="4.14" classname="com.UserTest.LoginTest"/>
  <testcase name="verifyPassword_Feild_Masking" time="2.066" classname="com.UserTest.LoginTest"/>
  <testcase name="verifyUserLoggedIn" time="7.001" classname="com.UserTest.LoginTest"/>
  <testcase name="verifyValidLogin" time="3.882" classname="com.UserTest.LoginTest">
    <failure type="java.lang.AssertionError" message="expected [true] but found [false]">
      <![CDATA[java.lang.AssertionError: expected [true] but found [false]
at com.UserTest.LoginTest.verifyValidLogin(LoginTest.java:34)
... Removed 29 stack frames]]>
    </failure>
  </testcase> <!-- verifyValidLogin -->
</testsuite> <!-- HMS Login Page Test -->
