<?xml version="1.0" encoding="UTF-8"?>
<testng-results skipped="0" failed="1" ignored="0" total="4" passed="3">
  <reporter-output>
  </reporter-output>
  <suite name="Suite" duration-ms="25668" started-at="2019-02-01T13:27:50Z" finished-at="2019-02-01T13:28:16Z">
    <groups>
    </groups>
    <test name="HMS Login Page Test" duration-ms="25668" started-at="2019-02-01T13:27:50Z" finished-at="2019-02-01T13:28:16Z">
      <class name="com.UserTest.LoginTest">
        <test-method status="PASS" signature="extentSetUp()[pri:0, instance:com.UserTest.LoginTest@7e2d773b]" name="extentSetUp" is-config="true" duration-ms="129" started-at="2019-02-01T13:27:50Z" finished-at="2019-02-01T13:27:50Z">
          <reporter-output>
          </reporter-output>
        </test-method> <!-- extentSetUp -->
        <test-method status="PASS" signature="setup(java.lang.String, java.lang.String)[pri:0, instance:com.UserTest.LoginTest@7e2d773b]" name="setup" is-config="true" duration-ms="7559" started-at="2019-02-01T13:27:51Z" finished-at="2019-02-01T13:27:58Z">
          <params>
            <param index="0">
              <value>
                <![CDATA[chrome]]>
              </value>
            </param>
            <param index="1">
              <value>
                <![CDATA[http://localhost/avactis/]]>
              </value>
            </param>
          </params>
          <reporter-output>
          </reporter-output>
        </test-method> <!-- setup -->
        <test-method status="PASS" signature="pageSetup()[pri:0, instance:com.UserTest.LoginTest@7e2d773b]" name="pageSetup" is-config="true" duration-ms="2" started-at="2019-02-01T13:27:58Z" finished-at="2019-02-01T13:27:58Z">
          <reporter-output>
          </reporter-output>
        </test-method> <!-- pageSetup -->
        <test-method status="PASS" signature="verifyInvalidLogin()[pri:0, instance:com.UserTest.LoginTest@7e2d773b]" name="verifyInvalidLogin" duration-ms="4140" started-at="2019-02-01T13:27:58Z" finished-at="2019-02-01T13:28:02Z">
          <reporter-output>
          </reporter-output>
        </test-method> <!-- verifyInvalidLogin -->
        <test-method status="PASS" signature="pageSetup()[pri:0, instance:com.UserTest.LoginTest@7e2d773b]" name="pageSetup" is-config="true" duration-ms="1" started-at="2019-02-01T13:28:02Z" finished-at="2019-02-01T13:28:02Z">
          <reporter-output>
          </reporter-output>
        </test-method> <!-- pageSetup -->
        <test-method status="PASS" signature="afterMethod()[pri:0, instance:com.UserTest.LoginTest@7e2d773b]" name="afterMethod" is-config="true" duration-ms="0" started-at="2019-02-01T13:28:02Z" finished-at="2019-02-01T13:28:02Z">
          <reporter-output>
          </reporter-output>
        </test-method> <!-- afterMethod -->
        <test-method status="PASS" signature="verifyPassword_Feild_Masking()[pri:0, instance:com.UserTest.LoginTest@7e2d773b]" name="verifyPassword_Feild_Masking" duration-ms="2066" started-at="2019-02-01T13:28:02Z" finished-at="2019-02-01T13:28:04Z">
          <reporter-output>
          </reporter-output>
        </test-method> <!-- verifyPassword_Feild_Masking -->
        <test-method status="PASS" signature="afterMethod()[pri:0, instance:com.UserTest.LoginTest@7e2d773b]" name="afterMethod" is-config="true" duration-ms="0" started-at="2019-02-01T13:28:04Z" finished-at="2019-02-01T13:28:04Z">
          <reporter-output>
          </reporter-output>
        </test-method> <!-- afterMethod -->
        <test-method status="PASS" signature="pageSetup()[pri:0, instance:com.UserTest.LoginTest@7e2d773b]" name="pageSetup" is-config="true" duration-ms="0" started-at="2019-02-01T13:28:04Z" finished-at="2019-02-01T13:28:04Z">
          <reporter-output>
          </reporter-output>
        </test-method> <!-- pageSetup -->
        <test-method status="PASS" signature="verifyUserLoggedIn()[pri:0, instance:com.UserTest.LoginTest@7e2d773b]" name="verifyUserLoggedIn" duration-ms="7001" started-at="2019-02-01T13:28:04Z" finished-at="2019-02-01T13:28:11Z">
          <reporter-output>
          </reporter-output>
        </test-method> <!-- verifyUserLoggedIn -->
        <test-method status="PASS" signature="afterMethod()[pri:0, instance:com.UserTest.LoginTest@7e2d773b]" name="afterMethod" is-config="true" duration-ms="0" started-at="2019-02-01T13:28:11Z" finished-at="2019-02-01T13:28:11Z">
          <reporter-output>
          </reporter-output>
        </test-method> <!-- afterMethod -->
        <test-method status="PASS" signature="pageSetup()[pri:0, instance:com.UserTest.LoginTest@7e2d773b]" name="pageSetup" is-config="true" duration-ms="4" started-at="2019-02-01T13:28:11Z" finished-at="2019-02-01T13:28:11Z">
          <reporter-output>
          </reporter-output>
        </test-method> <!-- pageSetup -->
        <test-method status="FAIL" signature="verifyValidLogin()[pri:0, instance:com.UserTest.LoginTest@7e2d773b]" name="verifyValidLogin" duration-ms="3882" started-at="2019-02-01T13:28:11Z" finished-at="2019-02-01T13:28:15Z">
          <exception class="java.lang.AssertionError">
            <message>
              <![CDATA[expected [true] but found [false]]]>
            </message>
            <full-stacktrace>
              <![CDATA[java.lang.AssertionError: expected [true] but found [false]
at org.testng.Assert.fail(Assert.java:96)
at org.testng.Assert.failNotEquals(Assert.java:776)
at org.testng.Assert.assertTrue(Assert.java:44)
at org.testng.Assert.assertTrue(Assert.java:54)
at com.UserTest.LoginTest.verifyValidLogin(LoginTest.java:34)
at sun.reflect.NativeMethodAccessorImpl.invoke0(Native Method)
at sun.reflect.NativeMethodAccessorImpl.invoke(Unknown Source)
at sun.reflect.DelegatingMethodAccessorImpl.invoke(Unknown Source)
at java.lang.reflect.Method.invoke(Unknown Source)
at org.testng.internal.MethodInvocationHelper.invokeMethod(MethodInvocationHelper.java:124)
at org.testng.internal.Invoker.invokeMethod(Invoker.java:583)
at org.testng.internal.Invoker.invokeTestMethod(Invoker.java:719)
at org.testng.internal.Invoker.invokeTestMethods(Invoker.java:989)
at org.testng.internal.TestMethodWorker.invokeTestMethods(TestMethodWorker.java:125)
at org.testng.internal.TestMethodWorker.run(TestMethodWorker.java:109)
at org.testng.TestRunner.privateRun(TestRunner.java:648)
at org.testng.TestRunner.run(TestRunner.java:505)
at org.testng.SuiteRunner.runTest(SuiteRunner.java:455)
at org.testng.SuiteRunner.runSequentially(SuiteRunner.java:450)
at org.testng.SuiteRunner.privateRun(SuiteRunner.java:415)
at org.testng.SuiteRunner.run(SuiteRunner.java:364)
at org.testng.SuiteRunnerWorker.runSuite(SuiteRunnerWorker.java:52)
at org.testng.SuiteRunnerWorker.run(SuiteRunnerWorker.java:84)
at org.testng.TestNG.runSuitesSequentially(TestNG.java:1208)
at org.testng.TestNG.runSuitesLocally(TestNG.java:1137)
at org.testng.TestNG.runSuites(TestNG.java:1049)
at org.testng.TestNG.run(TestNG.java:1017)
at org.testng.remote.AbstractRemoteTestNG.run(AbstractRemoteTestNG.java:114)
at org.testng.remote.RemoteTestNG.initAndRun(RemoteTestNG.java:251)
at org.testng.remote.RemoteTestNG.main(RemoteTestNG.java:77)
]]>
            </full-stacktrace>
          </exception> <!-- java.lang.AssertionError -->
          <reporter-output>
          </reporter-output>
        </test-method> <!-- verifyValidLogin -->
        <test-method status="PASS" signature="afterMethod()[pri:0, instance:com.UserTest.LoginTest@7e2d773b]" name="afterMethod" is-config="true" duration-ms="0" started-at="2019-02-01T13:28:16Z" finished-at="2019-02-01T13:28:16Z">
          <reporter-output>
          </reporter-output>
        </test-method> <!-- afterMethod -->
        <test-method status="PASS" signature="teardown()[pri:0, instance:com.UserTest.LoginTest@7e2d773b]" name="teardown" is-config="true" duration-ms="0" started-at="2019-02-01T13:28:16Z" finished-at="2019-02-01T13:28:16Z">
          <reporter-output>
          </reporter-output>
        </test-method> <!-- teardown -->
      </class> <!-- com.UserTest.LoginTest -->
    </test> <!-- HMS Login Page Test -->
  </suite> <!-- Suite -->
</testng-results>
