<?xml version="1.0" encoding="UTF-8"?>
<testng-results skipped="0" failed="0" ignored="0" total="3" passed="3">
  <reporter-output>
  </reporter-output>
  <suite name="Suite" duration-ms="10762" started-at="2019-02-07T12:18:25Z" finished-at="2019-02-07T12:18:36Z">
    <groups>
    </groups>
    <test name="Avactis Admin Page Test" duration-ms="10762" started-at="2019-02-07T12:18:25Z" finished-at="2019-02-07T12:18:36Z">
      <class name="com.avactis.admin.test.AdminLoginTest">
        <test-method status="PASS" signature="extentSetUp()[pri:0, instance:com.avactis.admin.test.AdminLoginTest@6e6c3152]" name="extentSetUp" is-config="true" duration-ms="169" started-at="2019-02-07T12:18:25Z" finished-at="2019-02-07T12:18:25Z">
          <reporter-output>
          </reporter-output>
        </test-method> <!-- extentSetUp -->
        <test-method status="PASS" signature="setup(java.lang.String, java.lang.String)[pri:0, instance:com.avactis.admin.test.AdminLoginTest@6e6c3152]" name="setup" is-config="true" duration-ms="5250" started-at="2019-02-07T12:18:25Z" finished-at="2019-02-07T12:18:30Z">
          <params>
            <param index="0">
              <value>
                <![CDATA[chrome]]>
              </value>
            </param>
            <param index="1">
              <value>
                <![CDATA[http://localhost/Avactis/avactis-system/admin/signin.php]]>
              </value>
            </param>
          </params>
          <reporter-output>
          </reporter-output>
        </test-method> <!-- setup -->
        <test-method status="PASS" signature="setup()[pri:0, instance:com.avactis.admin.test.AdminLoginTest@6e6c3152]" name="setup" is-config="true" duration-ms="27" started-at="2019-02-07T12:18:30Z" finished-at="2019-02-07T12:18:30Z">
          <reporter-output>
          </reporter-output>
        </test-method> <!-- setup -->
        <test-method status="PASS" signature="verifyLogin_PageUI()[pri:0, instance:com.avactis.admin.test.AdminLoginTest@6e6c3152]" name="verifyLogin_PageUI" duration-ms="141" started-at="2019-02-07T12:18:30Z" finished-at="2019-02-07T12:18:30Z">
          <reporter-output>
          </reporter-output>
        </test-method> <!-- verifyLogin_PageUI -->
        <test-method status="PASS" signature="setup()[pri:0, instance:com.avactis.admin.test.AdminLoginTest@6e6c3152]" name="setup" is-config="true" duration-ms="1" started-at="2019-02-07T12:18:30Z" finished-at="2019-02-07T12:18:30Z">
          <reporter-output>
          </reporter-output>
        </test-method> <!-- setup -->
        <test-method status="PASS" signature="verify_InvalidLogin()[pri:0, instance:com.avactis.admin.test.AdminLoginTest@6e6c3152]" name="verify_InvalidLogin" duration-ms="1740" started-at="2019-02-07T12:18:30Z" finished-at="2019-02-07T12:18:32Z">
          <reporter-output>
          </reporter-output>
        </test-method> <!-- verify_InvalidLogin -->
        <test-method status="PASS" signature="setup()[pri:0, instance:com.avactis.admin.test.AdminLoginTest@6e6c3152]" name="setup" is-config="true" duration-ms="3" started-at="2019-02-07T12:18:32Z" finished-at="2019-02-07T12:18:32Z">
          <reporter-output>
          </reporter-output>
        </test-method> <!-- setup -->
        <test-method status="PASS" signature="verify_ValidLogin()[pri:0, instance:com.avactis.admin.test.AdminLoginTest@6e6c3152]" name="verify_ValidLogin" duration-ms="2561" started-at="2019-02-07T12:18:32Z" finished-at="2019-02-07T12:18:35Z">
          <reporter-output>
          </reporter-output>
        </test-method> <!-- verify_ValidLogin -->
        <test-method status="PASS" signature="teardown()[pri:0, instance:com.avactis.admin.test.AdminLoginTest@6e6c3152]" name="teardown" is-config="true" duration-ms="1008" started-at="2019-02-07T12:18:35Z" finished-at="2019-02-07T12:18:36Z">
          <reporter-output>
          </reporter-output>
        </test-method> <!-- teardown -->
      </class> <!-- com.avactis.admin.test.AdminLoginTest -->
    </test> <!-- Avactis Admin Page Test -->
  </suite> <!-- Suite -->
</testng-results>
